<?xml version="1.0" encoding="UTF-8"?>
<!-- Generated by org.testng.reporters.JUnitXMLReporter -->
<testsuite hostname="iDeliver20-PC" name="Default test" tests="4" failures="0" timestamp="17 Dec 2020 11:47:27 GMT" time="55.579" errors="0">
  <testcase name="Login_Test" time="9.024" classname="testCases.ICEHRM_LoginTest"/>
  <testcase name="Punch_In_Test" time="4.396" classname="testCases.ICEHRM_LoginTest"/>
  <testcase name="Leave_Test" time="13.977" classname="testCases.ICEHRM_LoginTest"/>
  <testcase name="Punch_Out_Test" time="5.865" classname="testCases.ICEHRM_LoginTest"/>
</testsuite> <!-- Default test -->
