<?xml version="1.0" encoding="UTF-8"?>
<testng-results skipped="0" failed="0" total="4" passed="4">
  <reporter-output>
    <line>
      <![CDATA[ Description Login Validation Actual User Must logged in Expected User Successfullylogged in]]>
    </line>
    <line>
      <![CDATA[ Description Punch System Validation Actual User Must punch  in Expected User Successfully punched  in]]>
    </line>
    <line>
      <![CDATA[ Description Leave Validation Actual User Must able to apply for leave Expected User Successfully apply for leave]]>
    </line>
    <line>
      <![CDATA[ Description Punch System Validation Actual User Must punch out Expected User Successfully punched  out]]>
    </line>
  </reporter-output>
  <suite name="Suite" duration-ms="61648" started-at="2020-12-23T16:00:42Z" finished-at="2020-12-23T16:01:44Z">
    <groups>
    </groups>
    <test name="Test" duration-ms="61648" started-at="2020-12-23T16:00:42Z" finished-at="2020-12-23T16:01:44Z">
      <class name="testCases.ICEHRM_LoginTest">
        <test-method status="PASS" signature="beforeSuite(org.testng.ITestContext)[pri:0, instance:testCases.ICEHRM_LoginTest@604ed9f0]" name="beforeSuite" is-config="true" duration-ms="20952" started-at="2020-12-23T21:30:42Z" finished-at="2020-12-23T21:31:03Z">
          <params>
            <param index="0">
              <value>
                <![CDATA[org.testng.TestRunner@6892cc6f]]>
              </value>
            </param>
          </params>
          <reporter-output>
          </reporter-output>
        </test-method> <!-- beforeSuite -->
        <test-method status="PASS" signature="init()[pri:0, instance:testCases.ICEHRM_LoginTest@604ed9f0]" name="init" is-config="true" duration-ms="69" started-at="2020-12-23T21:31:03Z" finished-at="2020-12-23T21:31:03Z">
          <reporter-output>
          </reporter-output>
        </test-method> <!-- init -->
        <test-method status="PASS" signature="Login_Test()[pri:1, instance:testCases.ICEHRM_LoginTest@604ed9f0]" name="Login_Test" duration-ms="8610" started-at="2020-12-23T21:31:03Z" finished-at="2020-12-23T21:31:12Z">
          <reporter-output>
          </reporter-output>
        </test-method> <!-- Login_Test -->
        <test-method status="PASS" signature="CheckMethod_Status(org.testng.ITestResult)[pri:0, instance:testCases.ICEHRM_LoginTest@604ed9f0]" name="CheckMethod_Status" is-config="true" duration-ms="730" started-at="2020-12-23T21:31:12Z" finished-at="2020-12-23T21:31:13Z">
          <params>
            <param index="0">
              <value>
                <![CDATA[[TestResult name=Login_Test status=SUCCESS method=ICEHRM_LoginTest.Login_Test()[pri:1, instance:testCases.ICEHRM_LoginTest@604ed9f0] output={null}]]]>
              </value>
            </param>
          </params>
          <reporter-output>
            <line>
              <![CDATA[ Description Login Validation Actual User Must logged in Expected User Successfullylogged in]]>
            </line>
          </reporter-output>
        </test-method> <!-- CheckMethod_Status -->
        <test-method status="PASS" signature="Punch_In_Test()[pri:2, instance:testCases.ICEHRM_LoginTest@604ed9f0]" name="Punch_In_Test" duration-ms="8072" started-at="2020-12-23T21:31:13Z" depends-on-methods="testCases.ICEHRM_LoginTest.Login_Test" finished-at="2020-12-23T21:31:21Z">
          <reporter-output>
          </reporter-output>
        </test-method> <!-- Punch_In_Test -->
        <test-method status="PASS" signature="CheckMethod_Status(org.testng.ITestResult)[pri:0, instance:testCases.ICEHRM_LoginTest@604ed9f0]" name="CheckMethod_Status" is-config="true" duration-ms="160" started-at="2020-12-23T21:31:21Z" finished-at="2020-12-23T21:31:21Z">
          <params>
            <param index="0">
              <value>
                <![CDATA[[TestResult name=Punch_In_Test status=SUCCESS method=ICEHRM_LoginTest.Punch_In_Test()[pri:2, instance:testCases.ICEHRM_LoginTest@604ed9f0] output={null}]]]>
              </value>
            </param>
          </params>
          <reporter-output>
            <line>
              <![CDATA[ Description Punch System Validation Actual User Must punch  in Expected User Successfully punched  in]]>
            </line>
          </reporter-output>
        </test-method> <!-- CheckMethod_Status -->
        <test-method status="PASS" signature="Leave_Test()[pri:3, instance:testCases.ICEHRM_LoginTest@604ed9f0]" name="Leave_Test" duration-ms="13176" started-at="2020-12-23T21:31:21Z" depends-on-methods="testCases.ICEHRM_LoginTest.Punch_In_Test" finished-at="2020-12-23T21:31:34Z">
          <reporter-output>
          </reporter-output>
        </test-method> <!-- Leave_Test -->
        <test-method status="PASS" signature="CheckMethod_Status(org.testng.ITestResult)[pri:0, instance:testCases.ICEHRM_LoginTest@604ed9f0]" name="CheckMethod_Status" is-config="true" duration-ms="394" started-at="2020-12-23T21:31:34Z" finished-at="2020-12-23T21:31:34Z">
          <params>
            <param index="0">
              <value>
                <![CDATA[[TestResult name=Leave_Test status=SUCCESS method=ICEHRM_LoginTest.Leave_Test()[pri:3, instance:testCases.ICEHRM_LoginTest@604ed9f0] output={null}]]]>
              </value>
            </param>
          </params>
          <reporter-output>
            <line>
              <![CDATA[ Description Leave Validation Actual User Must able to apply for leave Expected User Successfully apply for leave]]>
            </line>
          </reporter-output>
        </test-method> <!-- CheckMethod_Status -->
        <test-method status="PASS" signature="Punch_Out_Test()[pri:4, instance:testCases.ICEHRM_LoginTest@604ed9f0]" name="Punch_Out_Test" duration-ms="8351" started-at="2020-12-23T21:31:34Z" depends-on-methods="testCases.ICEHRM_LoginTest.Leave_Test" finished-at="2020-12-23T21:31:43Z">
          <reporter-output>
          </reporter-output>
        </test-method> <!-- Punch_Out_Test -->
        <test-method status="PASS" signature="CheckMethod_Status(org.testng.ITestResult)[pri:0, instance:testCases.ICEHRM_LoginTest@604ed9f0]" name="CheckMethod_Status" is-config="true" duration-ms="114" started-at="2020-12-23T21:31:43Z" finished-at="2020-12-23T21:31:43Z">
          <params>
            <param index="0">
              <value>
                <![CDATA[[TestResult name=Punch_Out_Test status=SUCCESS method=ICEHRM_LoginTest.Punch_Out_Test()[pri:4, instance:testCases.ICEHRM_LoginTest@604ed9f0] output={null}]]]>
              </value>
            </param>
          </params>
          <reporter-output>
            <line>
              <![CDATA[ Description Punch System Validation Actual User Must punch out Expected User Successfully punched  out]]>
            </line>
          </reporter-output>
        </test-method> <!-- CheckMethod_Status -->
        <test-method status="PASS" signature="afterSuite()[pri:0, instance:testCases.ICEHRM_LoginTest@604ed9f0]" name="afterSuite" is-config="true" duration-ms="977" started-at="2020-12-23T21:31:43Z" finished-at="2020-12-23T21:31:44Z">
          <reporter-output>
          </reporter-output>
        </test-method> <!-- afterSuite -->
      </class> <!-- testCases.ICEHRM_LoginTest -->
    </test> <!-- Test -->
  </suite> <!-- Suite -->
</testng-results>
